# JRE version: Java(TM) SE Runtime Environment (8.0_201-b09) (build 1.8.0_201-b09)
# Java VM: Java HotSpot(TM) 64-Bit Server VM (25.201-b09 mixed mode windows-amd64 compressed oops)
Heap:
 PSYoungGen      total 459776K, used 318149K [0x00000000d5580000, 0x00000000f6c80000, 0x0000000100000000)
  eden space 450048K, 70% used [0x00000000d5580000,0x00000000e8c31520,0x00000000f0d00000)
  from space 9728K, 0% used [0x00000000f6300000,0x00000000f6300000,0x00000000f6c80000)
  to   space 14848K, 0% used [0x00000000f4f80000,0x00000000f4f80000,0x00000000f5e00000)
 ParOldGen       total 72704K, used 15548K [0x0000000080000000, 0x0000000084700000, 0x00000000d5580000)
  object space 72704K, 21% used [0x0000000080000000,0x0000000080f2f2e8,0x0000000084700000)
 Metaspace       used 40284K, capacity 42288K, committed 42536K, reserved 1085440K
  class space    used 5432K, capacity 5823K, committed 5936K, reserved 1048576K
GC Heap History (10 events):
Event: 4.744 GC heap before
{Heap before GC invocations=8 (full 1):
 PSYoungGen      total 273920K, used 6355K [0x00000000d5580000, 0x00000000f6c80000, 0x0000000100000000)
  eden space 264192K, 0% used [0x00000000d5580000,0x00000000d5580000,0x00000000e5780000)
  from space 9728K, 65% used [0x00000000e5780000,0x00000000e5db4fd0,0x00000000e6100000)
  to   space 9728K, 0% used [0x00000000f6300000,0x00000000f6300000,0x00000000f6c80000)
 ParOldGen       total 87552K, used 6516K [0x0000000080000000, 0x0000000085580000, 0x00000000d5580000)
  object space 87552K, 7% used [0x0000000080000000,0x000000008065d1d8,0x0000000085580000)
 Metaspace       used 20400K, capacity 21232K, committed 21296K, reserved 1067008K
  class space    used 2629K, capacity 2835K, committed 2864K, reserved 1048576K
Event: 4.811 GC heap after
Heap after GC invocations=8 (full 1):
 PSYoungGen      total 273920K, used 0K [0x00000000d5580000, 0x00000000f6c80000, 0x0000000100000000)
  eden space 264192K, 0% used [0x00000000d5580000,0x00000000d5580000,0x00000000e5780000)
  from space 9728K, 0% used [0x00000000e5780000,0x00000000e5780000,0x00000000e6100000)
  to   space 9728K, 0% used [0x00000000f6300000,0x00000000f6300000,0x00000000f6c80000)
 ParOldGen       total 54272K, used 8419K [0x0000000080000000, 0x0000000083500000, 0x00000000d5580000)
  object space 54272K, 15% used [0x0000000080000000,0x0000000080838d10,0x0000000083500000)
 Metaspace       used 20400K, capacity 21232K, committed 21296K, reserved 1067008K
  class space    used 2629K, capacity 2835K, committed 2864K, reserved 1048576K
}
Event: 7.201 GC heap before
{Heap before GC invocations=9 (full 1):
 PSYoungGen      total 273920K, used 264192K [0x00000000d5580000, 0x00000000f6c80000, 0x0000000100000000)
  eden space 264192K, 100% used [0x00000000d5580000,0x00000000e5780000,0x00000000e5780000)
  from space 9728K, 0% used [0x00000000e5780000,0x00000000e5780000,0x00000000e6100000)
  to   space 9728K, 0% used [0x00000000f6300000,0x00000000f6300000,0x00000000f6c80000)
 ParOldGen       total 54272K, used 8419K [0x0000000080000000, 0x0000000083500000, 0x00000000d5580000)
  object space 54272K, 15% used [0x0000000080000000,0x0000000080838d10,0x0000000083500000)
 Metaspace       used 23867K, capacity 24928K, committed 25136K, reserved 1071104K
  class space    used 3107K, capacity 3359K, committed 3376K, reserved 1048576K
Event: 7.271 GC heap after
Heap after GC invocations=9 (full 1):
 PSYoungGen      total 459776K, used 9716K [0x00000000d5580000, 0x00000000f6c80000, 0x0000000100000000)
  eden space 450048K, 0% used [0x00000000d5580000,0x00000000d5580000,0x00000000f0d00000)
  from space 9728K, 99% used [0x00000000f6300000,0x00000000f6c7d040,0x00000000f6c80000)
  to   space 14848K, 0% used [0x00000000f4f80000,0x00000000f4f80000,0x00000000f5e00000)
 ParOldGen       total 54272K, used 17259K [0x0000000080000000, 0x0000000083500000, 0x00000000d5580000)
  object space 54272K, 31% used [0x0000000080000000,0x00000000810dacb0,0x0000000083500000)
 Metaspace       used 23867K, capacity 24928K, committed 25136K, reserved 1071104K
  class space    used 3107K, capacity 3359K, committed 3376K, reserved 1048576K
}
Event: 11.666 GC heap before
{Heap before GC invocations=10 (full 1):
 PSYoungGen      total 459776K, used 459764K [0x00000000d5580000, 0x00000000f6c80000, 0x0000000100000000)
  eden space 450048K, 100% used [0x00000000d5580000,0x00000000f0d00000,0x00000000f0d00000)
  from space 9728K, 99% used [0x00000000f6300000,0x00000000f6c7d040,0x00000000f6c80000)
  to   space 14848K, 0% used [0x00000000f4f80000,0x00000000f4f80000,0x00000000f5e00000)
 ParOldGen       total 54272K, used 17259K [0x0000000080000000, 0x0000000083500000, 0x00000000d5580000)
  object space 54272K, 31% used [0x0000000080000000,0x00000000810dacb0,0x0000000083500000)
 Metaspace       used 31101K, capacity 32396K, committed 32560K, reserved 1077248K
  class space    used 4094K, capacity 4367K, committed 4400K, reserved 1048576K
Event: 11.795 GC heap after
Heap after GC invocations=10 (full 1):
 PSYoungGen      total 464896K, used 14837K [0x00000000d5580000, 0x00000000f6c80000, 0x0000000100000000)
  eden space 450048K, 0% used [0x00000000d5580000,0x00000000d5580000,0x00000000f0d00000)
  from space 14848K, 99% used [0x00000000f4f80000,0x00000000f5dfd488,0x00000000f5e00000)
  to   space 9728K, 0% used [0x00000000f6300000,0x00000000f6300000,0x00000000f6c80000)
 ParOldGen       total 54272K, used 26739K [0x0000000080000000, 0x0000000083500000, 0x00000000d5580000)
  object space 54272K, 49% used [0x0000000080000000,0x0000000081a1ccb0,0x0000000083500000)
 Metaspace       used 31101K, capacity 32396K, committed 32560K, reserved 1077248K
  class space    used 4094K, capacity 4367K, committed 4400K, reserved 1048576K
}
Event: 13.046 GC heap before
{Heap before GC invocations=11 (full 1):
 PSYoungGen      total 464896K, used 89305K [0x00000000d5580000, 0x00000000f6c80000, 0x0000000100000000)
  eden space 450048K, 16% used [0x00000000d5580000,0x00000000d9e39118,0x00000000f0d00000)
  from space 14848K, 99% used [0x00000000f4f80000,0x00000000f5dfd488,0x00000000f5e00000)
  to   space 9728K, 0% used [0x00000000f6300000,0x00000000f6300000,0x00000000f6c80000)
 ParOldGen       total 54272K, used 26739K [0x0000000080000000, 0x0000000083500000, 0x00000000d5580000)
  object space 54272K, 49% used [0x0000000080000000,0x0000000081a1ccb0,0x0000000083500000)
 Metaspace       used 33745K, capacity 35482K, committed 35496K, reserved 1079296K
  class space    used 4435K, capacity 4774K, committed 4784K, reserved 1048576K
Event: 13.486 GC heap after
Heap after GC invocations=11 (full 1):
 PSYoungGen      total 459776K, used 8122K [0x00000000d5580000, 0x00000000f6c80000, 0x0000000100000000)
  eden space 450048K, 0% used [0x00000000d5580000,0x00000000d5580000,0x00000000f0d00000)
  from space 9728K, 83% used [0x00000000f6300000,0x00000000f6aee810,0x00000000f6c80000)
  to   space 14848K, 0% used [0x00000000f4f80000,0x00000000f4f80000,0x00000000f5e00000)
 ParOldGen       total 54272K, used 28567K [0x0000000080000000, 0x0000000083500000, 0x00000000d5580000)
  object space 54272K, 52% used [0x0000000080000000,0x0000000081be5d10,0x0000000083500000)
 Metaspace       used 33745K, capacity 35482K, committed 35496K, reserved 1079296K
  class space    used 4435K, capacity 4774K, committed 4784K, reserved 1048576K
}
Event: 13.486 GC heap before
{Heap before GC invocations=12 (full 2):
 PSYoungGen      total 459776K, used 8122K [0x00000000d5580000, 0x00000000f6c80000, 0x0000000100000000)
  eden space 450048K, 0% used [0x00000000d5580000,0x00000000d5580000,0x00000000f0d00000)
  from space 9728K, 83% used [0x00000000f6300000,0x00000000f6aee810,0x00000000f6c80000)
  to   space 14848K, 0% used [0x00000000f4f80000,0x00000000f4f80000,0x00000000f5e00000)
 ParOldGen       total 54272K, used 28567K [0x0000000080000000, 0x0000000083500000, 0x00000000d5580000)
  object space 54272K, 52% used [0x0000000080000000,0x0000000081be5d10,0x0000000083500000)
 Metaspace       used 33745K, capacity 35482K, committed 35496K, reserved 1079296K
  class space    used 4435K, capacity 4774K, committed 4784K, reserved 1048576K
Event: 13.575 GC heap after
Heap after GC invocations=12 (full 2):
 PSYoungGen      total 459776K, used 0K [0x00000000d5580000, 0x00000000f6c80000, 0x0000000100000000)
  eden space 450048K, 0% used [0x00000000d5580000,0x00000000d5580000,0x00000000f0d00000)
  from space 9728K, 0% used [0x00000000f6300000,0x00000000f6300000,0x00000000f6c80000)
  to   space 14848K, 0% used [0x00000000f4f80000,0x00000000f4f80000,0x00000000f5e00000)
 ParOldGen       total 72704K, used 15548K [0x0000000080000000, 0x0000000084700000, 0x00000000d5580000)
  object space 72704K, 21% used [0x0000000080000000,0x0000000080f2f2e8,0x0000000084700000)
 Metaspace       used 33745K, capacity 35482K, committed 35496K, reserved 1079296K
  class space    used 4435K, capacity 4774K, committed 4784K, reserved 1048576K
}

