# JRE version: Java(TM) SE Runtime Environment (8.0_201-b09) (build 1.8.0_201-b09)
# Java VM: Java HotSpot(TM) 64-Bit Server VM (25.201-b09 mixed mode windows-amd64 compressed oops)
Heap:
 PSYoungGen      total 451072K, used 253516K [0x00000000d5580000, 0x00000000f6b80000, 0x0000000100000000)
  eden space 441344K, 57% used [0x00000000d5580000,0x00000000e4d13140,0x00000000f0480000)
  from space 9728K, 0% used [0x00000000f6200000,0x00000000f6200000,0x00000000f6b80000)
  to   space 14848K, 0% used [0x00000000f4e80000,0x00000000f4e80000,0x00000000f5d00000)
 ParOldGen       total 81408K, used 15836K [0x0000000080000000, 0x0000000084f80000, 0x00000000d5580000)
  object space 81408K, 19% used [0x0000000080000000,0x0000000080f770b8,0x0000000084f80000)
 Metaspace       used 38762K, capacity 40776K, committed 40872K, reserved 1085440K
  class space    used 5172K, capacity 5547K, committed 5552K, reserved 1048576K
GC Heap History (10 events):
Event: 3.830 GC heap before
{Heap before GC invocations=8 (full 1):
 PSYoungGen      total 273920K, used 6000K [0x00000000d5580000, 0x00000000f6b80000, 0x0000000100000000)
  eden space 263680K, 0% used [0x00000000d5580000,0x00000000d5580000,0x00000000e5700000)
  from space 10240K, 58% used [0x00000000e5700000,0x00000000e5cdc010,0x00000000e6100000)
  to   space 9728K, 0% used [0x00000000f6200000,0x00000000f6200000,0x00000000f6b80000)
 ParOldGen       total 87552K, used 6843K [0x0000000080000000, 0x0000000085580000, 0x00000000d5580000)
  object space 87552K, 7% used [0x0000000080000000,0x00000000806aee28,0x0000000085580000)
 Metaspace       used 20373K, capacity 21210K, committed 21296K, reserved 1067008K
  class space    used 2621K, capacity 2832K, committed 2864K, reserved 1048576K
Event: 3.899 GC heap after
Heap after GC invocations=8 (full 1):
 PSYoungGen      total 273920K, used 0K [0x00000000d5580000, 0x00000000f6b80000, 0x0000000100000000)
  eden space 263680K, 0% used [0x00000000d5580000,0x00000000d5580000,0x00000000e5700000)
  from space 10240K, 0% used [0x00000000e5700000,0x00000000e5700000,0x00000000e6100000)
  to   space 9728K, 0% used [0x00000000f6200000,0x00000000f6200000,0x00000000f6b80000)
 ParOldGen       total 54784K, used 8076K [0x0000000080000000, 0x0000000083580000, 0x00000000d5580000)
  object space 54784K, 14% used [0x0000000080000000,0x00000000807e31d0,0x0000000083580000)
 Metaspace       used 20373K, capacity 21210K, committed 21296K, reserved 1067008K
  class space    used 2621K, capacity 2832K, committed 2864K, reserved 1048576K
}
Event: 6.017 GC heap before
{Heap before GC invocations=9 (full 1):
 PSYoungGen      total 273920K, used 263680K [0x00000000d5580000, 0x00000000f6b80000, 0x0000000100000000)
  eden space 263680K, 100% used [0x00000000d5580000,0x00000000e5700000,0x00000000e5700000)
  from space 10240K, 0% used [0x00000000e5700000,0x00000000e5700000,0x00000000e6100000)
  to   space 9728K, 0% used [0x00000000f6200000,0x00000000f6200000,0x00000000f6b80000)
 ParOldGen       total 54784K, used 8076K [0x0000000080000000, 0x0000000083580000, 0x00000000d5580000)
  object space 54784K, 14% used [0x0000000080000000,0x00000000807e31d0,0x0000000083580000)
 Metaspace       used 23876K, capacity 24928K, committed 25136K, reserved 1071104K
  class space    used 3108K, capacity 3359K, committed 3376K, reserved 1048576K
Event: 6.074 GC heap after
Heap after GC invocations=9 (full 1):
 PSYoungGen      total 451072K, used 9705K [0x00000000d5580000, 0x00000000f6b80000, 0x0000000100000000)
  eden space 441344K, 0% used [0x00000000d5580000,0x00000000d5580000,0x00000000f0480000)
  from space 9728K, 99% used [0x00000000f6200000,0x00000000f6b7a498,0x00000000f6b80000)
  to   space 14848K, 0% used [0x00000000f4e80000,0x00000000f4e80000,0x00000000f5d00000)
 ParOldGen       total 54784K, used 17030K [0x0000000080000000, 0x0000000083580000, 0x00000000d5580000)
  object space 54784K, 31% used [0x0000000080000000,0x00000000810a1bf8,0x0000000083580000)
 Metaspace       used 23876K, capacity 24928K, committed 25136K, reserved 1071104K
  class space    used 3108K, capacity 3359K, committed 3376K, reserved 1048576K
}
Event: 9.725 GC heap before
{Heap before GC invocations=10 (full 1):
 PSYoungGen      total 451072K, used 451049K [0x00000000d5580000, 0x00000000f6b80000, 0x0000000100000000)
  eden space 441344K, 100% used [0x00000000d5580000,0x00000000f0480000,0x00000000f0480000)
  from space 9728K, 99% used [0x00000000f6200000,0x00000000f6b7a498,0x00000000f6b80000)
  to   space 14848K, 0% used [0x00000000f4e80000,0x00000000f4e80000,0x00000000f5d00000)
 ParOldGen       total 54784K, used 17030K [0x0000000080000000, 0x0000000083580000, 0x00000000d5580000)
  object space 54784K, 31% used [0x0000000080000000,0x00000000810a1bf8,0x0000000083580000)
 Metaspace       used 30583K, capacity 31852K, committed 31920K, reserved 1077248K
  class space    used 4017K, capacity 4271K, committed 4272K, reserved 1048576K
Event: 9.824 GC heap after
Heap after GC invocations=10 (full 1):
 PSYoungGen      total 456192K, used 14830K [0x00000000d5580000, 0x00000000f6b80000, 0x0000000100000000)
  eden space 441344K, 0% used [0x00000000d5580000,0x00000000d5580000,0x00000000f0480000)
  from space 14848K, 99% used [0x00000000f4e80000,0x00000000f5cfb900,0x00000000f5d00000)
  to   space 9728K, 0% used [0x00000000f6200000,0x00000000f6200000,0x00000000f6b80000)
 ParOldGen       total 54784K, used 26286K [0x0000000080000000, 0x0000000083580000, 0x00000000d5580000)
  object space 54784K, 47% used [0x0000000080000000,0x00000000819abbf8,0x0000000083580000)
 Metaspace       used 30583K, capacity 31852K, committed 31920K, reserved 1077248K
  class space    used 4017K, capacity 4271K, committed 4272K, reserved 1048576K
}
Event: 10.734 GC heap before
{Heap before GC invocations=11 (full 1):
 PSYoungGen      total 456192K, used 100410K [0x00000000d5580000, 0x00000000f6b80000, 0x0000000100000000)
  eden space 441344K, 19% used [0x00000000d5580000,0x00000000da913278,0x00000000f0480000)
  from space 14848K, 99% used [0x00000000f4e80000,0x00000000f5cfb900,0x00000000f5d00000)
  to   space 9728K, 0% used [0x00000000f6200000,0x00000000f6200000,0x00000000f6b80000)
 ParOldGen       total 54784K, used 26286K [0x0000000080000000, 0x0000000083580000, 0x00000000d5580000)
  object space 54784K, 47% used [0x0000000080000000,0x00000000819abbf8,0x0000000083580000)
 Metaspace       used 33754K, capacity 35482K, committed 35496K, reserved 1079296K
  class space    used 4435K, capacity 4774K, committed 4784K, reserved 1048576K
Event: 10.768 GC heap after
Heap after GC invocations=11 (full 1):
 PSYoungGen      total 451072K, used 8276K [0x00000000d5580000, 0x00000000f6b80000, 0x0000000100000000)
  eden space 441344K, 0% used [0x00000000d5580000,0x00000000d5580000,0x00000000f0480000)
  from space 9728K, 85% used [0x00000000f6200000,0x00000000f6a153c8,0x00000000f6b80000)
  to   space 14848K, 0% used [0x00000000f4e80000,0x00000000f4e80000,0x00000000f5d00000)
 ParOldGen       total 54784K, used 28163K [0x0000000080000000, 0x0000000083580000, 0x00000000d5580000)
  object space 54784K, 51% used [0x0000000080000000,0x0000000081b80c58,0x0000000083580000)
 Metaspace       used 33754K, capacity 35482K, committed 35496K, reserved 1079296K
  class space    used 4435K, capacity 4774K, committed 4784K, reserved 1048576K
}
Event: 10.768 GC heap before
{Heap before GC invocations=12 (full 2):
 PSYoungGen      total 451072K, used 8276K [0x00000000d5580000, 0x00000000f6b80000, 0x0000000100000000)
  eden space 441344K, 0% used [0x00000000d5580000,0x00000000d5580000,0x00000000f0480000)
  from space 9728K, 85% used [0x00000000f6200000,0x00000000f6a153c8,0x00000000f6b80000)
  to   space 14848K, 0% used [0x00000000f4e80000,0x00000000f4e80000,0x00000000f5d00000)
 ParOldGen       total 54784K, used 28163K [0x0000000080000000, 0x0000000083580000, 0x00000000d5580000)
  object space 54784K, 51% used [0x0000000080000000,0x0000000081b80c58,0x0000000083580000)
 Metaspace       used 33754K, capacity 35482K, committed 35496K, reserved 1079296K
  class space    used 4435K, capacity 4774K, committed 4784K, reserved 1048576K
Event: 10.861 GC heap after
Heap after GC invocations=12 (full 2):
 PSYoungGen      total 451072K, used 0K [0x00000000d5580000, 0x00000000f6b80000, 0x0000000100000000)
  eden space 441344K, 0% used [0x00000000d5580000,0x00000000d5580000,0x00000000f0480000)
  from space 9728K, 0% used [0x00000000f6200000,0x00000000f6200000,0x00000000f6b80000)
  to   space 14848K, 0% used [0x00000000f4e80000,0x00000000f4e80000,0x00000000f5d00000)
 ParOldGen       total 81408K, used 15836K [0x0000000080000000, 0x0000000084f80000, 0x00000000d5580000)
  object space 81408K, 19% used [0x0000000080000000,0x0000000080f770b8,0x0000000084f80000)
 Metaspace       used 33754K, capacity 35482K, committed 35496K, reserved 1079296K
  class space    used 4435K, capacity 4774K, committed 4784K, reserved 1048576K
}

